<?xml version="1.0" encoding="UTF-8"?>
<testsuite name="backend.LibraryTest" tests="1" skipped="0" failures="0" errors="0" timestamp="2024-05-12T21:49:23" hostname="ip-172-31-1-100" time="0.003">
  <properties/>
  <testcase name="testSomeLibraryMethod" classname="backend.LibraryTest" time="0.003"/>
  <system-out><![CDATA[]]></system-out>
  <system-err><![CDATA[]]></system-err>
</testsuite>
